[Tue Aug 26 2014 14:04:26 GMT+0800 (CST)] /blog-images/513e7b1a4c2ca.jpg
Error: Not Found
    at Layer.app.use.meta [as handle] (/home/saki/website/app.js:63:15)
    at trim_prefix (/home/saki/website/node_modules/express/lib/router/index.js:240:15)
    at /home/saki/website/node_modules/express/lib/router/index.js:208:9
    at Function.proto.process_params (/home/saki/website/node_modules/express/lib/router/index.js:269:12)
    at next (/home/saki/website/node_modules/express/lib/router/index.js:199:19)
    at next (/home/saki/website/node_modules/express/lib/router/index.js:176:38)
    at next (/home/saki/website/node_modules/express/lib/router/index.js:176:38)
    at next (/home/saki/website/node_modules/express/lib/router/index.js:176:38)
    at next (/home/saki/website/node_modules/express/lib/router/index.js:176:38)
    at next (/home/saki/website/node_modules/express/lib/router/index.js:176:38)
[Tue Aug 26 2014 16:25:54 GMT+0800 (CST)] /stylesheets/font-awesome.css
Error: Error setting TTL index on collection : sessions
    at /home/saki/website/node_modules/connect-mongo/lib/connect-mongo.js:161:23
    at /home/saki/website/node_modules/connect-mongo/node_modules/mongodb/lib/mongodb/db.js:1404:28
    at /home/saki/website/node_modules/connect-mongo/node_modules/mongodb/lib/mongodb/db.js:1542:30
    at /home/saki/website/node_modules/connect-mongo/node_modules/mongodb/lib/mongodb/cursor.js:159:22
    at commandHandler (/home/saki/website/node_modules/connect-mongo/node_modules/mongodb/lib/mongodb/cursor.js:678:48)
    at Db._executeQueryCommand (/home/saki/website/node_modules/connect-mongo/node_modules/mongodb/lib/mongodb/db.js:1802:12)
    at Cursor.nextObject (/home/saki/website/node_modules/connect-mongo/node_modules/mongodb/lib/mongodb/cursor.js:729:13)
    at Cursor.toArray (/home/saki/website/node_modules/connect-mongo/node_modules/mongodb/lib/mongodb/cursor.js:158:10)
    at Cursor.toArray (/home/saki/website/node_modules/connect-mongo/node_modules/mongodb/lib/mongodb/scope.js:10:20)
    at /home/saki/website/node_modules/connect-mongo/node_modules/mongodb/lib/mongodb/db.js:1541:65
[Tue Aug 26 2014 16:25:54 GMT+0800 (CST)] /stylesheets/myconfig.css
Error: no open connections
    at Db._executeQueryCommand (/home/saki/website/node_modules/connect-mongo/node_modules/mongodb/lib/mongodb/db.js:1802:21)
    at Cursor.nextObject (/home/saki/website/node_modules/connect-mongo/node_modules/mongodb/lib/mongodb/cursor.js:729:13)
    at Cursor.nextObject (/home/saki/website/node_modules/connect-mongo/node_modules/mongodb/lib/mongodb/scope.js:22:20)
    at Collection.findOne (/home/saki/website/node_modules/connect-mongo/node_modules/mongodb/lib/mongodb/collection/query.js:145:10)
    at /home/saki/website/node_modules/connect-mongo/lib/connect-mongo.js:214:18
    at MongoStore._get_collection (/home/saki/website/node_modules/connect-mongo/lib/connect-mongo.js:148:21)
    at MongoStore.get (/home/saki/website/node_modules/connect-mongo/lib/connect-mongo.js:213:10)
    at Layer.session [as handle] (/home/saki/website/node_modules/connect/node_modules/express-session/index.js:324:11)
    at trim_prefix (/home/saki/website/node_modules/express/lib/router/index.js:240:15)
    at /home/saki/website/node_modules/express/lib/router/index.js:208:9
[Tue Aug 26 2014 16:25:54 GMT+0800 (CST)] /stylesheets/componentTool.css
Error: no open connections
    at Db._executeQueryCommand (/home/saki/website/node_modules/connect-mongo/node_modules/mongodb/lib/mongodb/db.js:1802:21)
    at Cursor.nextObject (/home/saki/website/node_modules/connect-mongo/node_modules/mongodb/lib/mongodb/cursor.js:729:13)
    at Cursor.nextObject (/home/saki/website/node_modules/connect-mongo/node_modules/mongodb/lib/mongodb/scope.js:22:20)
    at Collection.findOne (/home/saki/website/node_modules/connect-mongo/node_modules/mongodb/lib/mongodb/collection/query.js:145:10)
    at /home/saki/website/node_modules/connect-mongo/lib/connect-mongo.js:214:18
    at MongoStore._get_collection (/home/saki/website/node_modules/connect-mongo/lib/connect-mongo.js:148:21)
    at MongoStore.get (/home/saki/website/node_modules/connect-mongo/lib/connect-mongo.js:213:10)
    at Layer.session [as handle] (/home/saki/website/node_modules/connect/node_modules/express-session/index.js:324:11)
    at trim_prefix (/home/saki/website/node_modules/express/lib/router/index.js:240:15)
    at /home/saki/website/node_modules/express/lib/router/index.js:208:9
[Tue Aug 26 2014 17:20:00 GMT+0800 (CST)] /stylesheets/myconfig.css
Error: Error setting TTL index on collection : sessions
    at /home/saki/website/node_modules/connect-mongo/lib/connect-mongo.js:161:23
    at /home/saki/website/node_modules/connect-mongo/node_modules/mongodb/lib/mongodb/db.js:1404:28
    at /home/saki/website/node_modules/connect-mongo/node_modules/mongodb/lib/mongodb/db.js:1542:30
    at /home/saki/website/node_modules/connect-mongo/node_modules/mongodb/lib/mongodb/cursor.js:159:22
    at commandHandler (/home/saki/website/node_modules/connect-mongo/node_modules/mongodb/lib/mongodb/cursor.js:678:48)
    at Db._executeQueryCommand (/home/saki/website/node_modules/connect-mongo/node_modules/mongodb/lib/mongodb/db.js:1802:12)
    at Cursor.nextObject (/home/saki/website/node_modules/connect-mongo/node_modules/mongodb/lib/mongodb/cursor.js:729:13)
    at Cursor.toArray (/home/saki/website/node_modules/connect-mongo/node_modules/mongodb/lib/mongodb/cursor.js:158:10)
    at Cursor.toArray (/home/saki/website/node_modules/connect-mongo/node_modules/mongodb/lib/mongodb/scope.js:10:20)
    at /home/saki/website/node_modules/connect-mongo/node_modules/mongodb/lib/mongodb/db.js:1541:65
[Wed Aug 27 2014 11:43:24 GMT+0800 (CST)] /stylesheets/header-footer.css
Error: Error setting TTL index on collection : sessions
    at /home/saki/website/node_modules/connect-mongo/lib/connect-mongo.js:161:23
    at /home/saki/website/node_modules/connect-mongo/node_modules/mongodb/lib/mongodb/db.js:1404:28
    at /home/saki/website/node_modules/connect-mongo/node_modules/mongodb/lib/mongodb/db.js:1542:30
    at /home/saki/website/node_modules/connect-mongo/node_modules/mongodb/lib/mongodb/cursor.js:159:22
    at commandHandler (/home/saki/website/node_modules/connect-mongo/node_modules/mongodb/lib/mongodb/cursor.js:678:48)
    at Db._executeQueryCommand (/home/saki/website/node_modules/connect-mongo/node_modules/mongodb/lib/mongodb/db.js:1802:12)
    at Cursor.nextObject (/home/saki/website/node_modules/connect-mongo/node_modules/mongodb/lib/mongodb/cursor.js:729:13)
    at Cursor.toArray (/home/saki/website/node_modules/connect-mongo/node_modules/mongodb/lib/mongodb/cursor.js:158:10)
    at Cursor.toArray (/home/saki/website/node_modules/connect-mongo/node_modules/mongodb/lib/mongodb/scope.js:10:20)
    at /home/saki/website/node_modules/connect-mongo/node_modules/mongodb/lib/mongodb/db.js:1541:65
[Wed Aug 27 2014 11:43:24 GMT+0800 (CST)] /stylesheets/componentTool.css
Error: no open connections
    at Db._executeQueryCommand (/home/saki/website/node_modules/connect-mongo/node_modules/mongodb/lib/mongodb/db.js:1802:21)
    at Cursor.nextObject (/home/saki/website/node_modules/connect-mongo/node_modules/mongodb/lib/mongodb/cursor.js:729:13)
    at Cursor.nextObject (/home/saki/website/node_modules/connect-mongo/node_modules/mongodb/lib/mongodb/scope.js:22:20)
    at Collection.findOne (/home/saki/website/node_modules/connect-mongo/node_modules/mongodb/lib/mongodb/collection/query.js:145:10)
    at /home/saki/website/node_modules/connect-mongo/lib/connect-mongo.js:214:18
    at MongoStore._get_collection (/home/saki/website/node_modules/connect-mongo/lib/connect-mongo.js:148:21)
    at MongoStore.get (/home/saki/website/node_modules/connect-mongo/lib/connect-mongo.js:213:10)
    at Layer.session [as handle] (/home/saki/website/node_modules/connect/node_modules/express-session/index.js:324:11)
    at trim_prefix (/home/saki/website/node_modules/express/lib/router/index.js:240:15)
    at /home/saki/website/node_modules/express/lib/router/index.js:208:9
[Wed Aug 27 2014 11:43:24 GMT+0800 (CST)] /javascripts/myTools.js
Error: no open connections
    at Db._executeQueryCommand (/home/saki/website/node_modules/connect-mongo/node_modules/mongodb/lib/mongodb/db.js:1802:21)
    at Cursor.nextObject (/home/saki/website/node_modules/connect-mongo/node_modules/mongodb/lib/mongodb/cursor.js:729:13)
    at Cursor.nextObject (/home/saki/website/node_modules/connect-mongo/node_modules/mongodb/lib/mongodb/scope.js:22:20)
    at Collection.findOne (/home/saki/website/node_modules/connect-mongo/node_modules/mongodb/lib/mongodb/collection/query.js:145:10)
    at /home/saki/website/node_modules/connect-mongo/lib/connect-mongo.js:214:18
    at MongoStore._get_collection (/home/saki/website/node_modules/connect-mongo/lib/connect-mongo.js:148:21)
    at MongoStore.get (/home/saki/website/node_modules/connect-mongo/lib/connect-mongo.js:213:10)
    at Layer.session [as handle] (/home/saki/website/node_modules/connect/node_modules/express-session/index.js:324:11)
    at trim_prefix (/home/saki/website/node_modules/express/lib/router/index.js:240:15)
    at /home/saki/website/node_modules/express/lib/router/index.js:208:9
[Thu Aug 28 2014 13:50:44 GMT+0800 (CST)] /robots.txt
Error: Not Found
    at Layer.app.use.meta [as handle] (/home/saki/website/app.js:63:15)
    at trim_prefix (/home/saki/website/node_modules/express/lib/router/index.js:240:15)
    at /home/saki/website/node_modules/express/lib/router/index.js:208:9
    at Function.proto.process_params (/home/saki/website/node_modules/express/lib/router/index.js:269:12)
    at next (/home/saki/website/node_modules/express/lib/router/index.js:199:19)
    at next (/home/saki/website/node_modules/express/lib/router/index.js:176:38)
    at next (/home/saki/website/node_modules/express/lib/router/index.js:176:38)
    at next (/home/saki/website/node_modules/express/lib/router/index.js:176:38)
    at next (/home/saki/website/node_modules/express/lib/router/index.js:176:38)
    at next (/home/saki/website/node_modules/express/lib/router/index.js:176:38)
[Thu Aug 28 2014 13:53:44 GMT+0800 (CST)] /codemao.com:8001
Error: Not Found
    at Layer.app.use.meta [as handle] (/home/saki/website/app.js:63:15)
    at trim_prefix (/home/saki/website/node_modules/express/lib/router/index.js:240:15)
    at /home/saki/website/node_modules/express/lib/router/index.js:208:9
    at Function.proto.process_params (/home/saki/website/node_modules/express/lib/router/index.js:269:12)
    at next (/home/saki/website/node_modules/express/lib/router/index.js:199:19)
    at next (/home/saki/website/node_modules/express/lib/router/index.js:176:38)
    at next (/home/saki/website/node_modules/express/lib/router/index.js:176:38)
    at next (/home/saki/website/node_modules/express/lib/router/index.js:176:38)
    at next (/home/saki/website/node_modules/express/lib/router/index.js:176:38)
    at next (/home/saki/website/node_modules/express/lib/router/index.js:176:38)
[Thu Aug 28 2014 16:15:16 GMT+0800 (CST)] /gh
Error: Not Found
    at Layer.app.use.meta [as handle] (/home/saki/website/app.js:63:15)
    at trim_prefix (/home/saki/website/node_modules/express/lib/router/index.js:240:15)
    at /home/saki/website/node_modules/express/lib/router/index.js:208:9
    at Function.proto.process_params (/home/saki/website/node_modules/express/lib/router/index.js:269:12)
    at next (/home/saki/website/node_modules/express/lib/router/index.js:199:19)
    at next (/home/saki/website/node_modules/express/lib/router/index.js:176:38)
    at next (/home/saki/website/node_modules/express/lib/router/index.js:176:38)
    at next (/home/saki/website/node_modules/express/lib/router/index.js:176:38)
    at next (/home/saki/website/node_modules/express/lib/router/index.js:176:38)
    at next (/home/saki/website/node_modules/express/lib/router/index.js:176:38)
[Fri Aug 29 2014 22:23:25 GMT+0800 (CST)] /robots.txt
Error: Not Found
    at Layer.app.use.meta [as handle] (/home/saki/website/app.js:63:15)
    at trim_prefix (/home/saki/website/node_modules/express/lib/router/index.js:240:15)
    at /home/saki/website/node_modules/express/lib/router/index.js:208:9
    at Function.proto.process_params (/home/saki/website/node_modules/express/lib/router/index.js:269:12)
    at next (/home/saki/website/node_modules/express/lib/router/index.js:199:19)
    at next (/home/saki/website/node_modules/express/lib/router/index.js:176:38)
    at next (/home/saki/website/node_modules/express/lib/router/index.js:176:38)
    at next (/home/saki/website/node_modules/express/lib/router/index.js:176:38)
    at next (/home/saki/website/node_modules/express/lib/router/index.js:176:38)
    at next (/home/saki/website/node_modules/express/lib/router/index.js:176:38)
[Sat Aug 30 2014 23:02:38 GMT+0800 (CST)] /robots.txt
Error: Not Found
    at Layer.app.use.meta [as handle] (/home/saki/website/app.js:63:15)
    at trim_prefix (/home/saki/website/node_modules/express/lib/router/index.js:240:15)
    at /home/saki/website/node_modules/express/lib/router/index.js:208:9
    at Function.proto.process_params (/home/saki/website/node_modules/express/lib/router/index.js:269:12)
    at next (/home/saki/website/node_modules/express/lib/router/index.js:199:19)
    at next (/home/saki/website/node_modules/express/lib/router/index.js:176:38)
    at next (/home/saki/website/node_modules/express/lib/router/index.js:176:38)
    at next (/home/saki/website/node_modules/express/lib/router/index.js:176:38)
    at next (/home/saki/website/node_modules/express/lib/router/index.js:176:38)
    at next (/home/saki/website/node_modules/express/lib/router/index.js:176:38)
