0 info it worked if it ends with ok
1 verbose cli [ 'node',
1 verbose cli   '/usr/local/node/lib/node_modules/cnpm/node_modules/.bin/npm',
1 verbose cli   '--userconfig=/home/saki/.cnpmrc',
1 verbose cli   '--disturl=https://npm.taobao.org/dist',
1 verbose cli   '--cache=/home/saki/.npm/.cache_cnpm',
1 verbose cli   '--registry=https://registry.npm.taobao.org',
1 verbose cli   'uninstall',
1 verbose cli   'bson' ]
2 info using npm@2.0.0-alpha-5
3 info using node@v0.10.31
4 verbose node_modules/bson unbuild
5 info preuninstall bson@0.2.11
6 info uninstall bson@0.2.11
7 verbose true,/home/saki/myblog/node_modules,/home/saki/myblog/node_modules unbuild bson@0.2.11
8 info postuninstall bson@0.2.11
9 verbose gentlyRm vacuuming /home/saki/myblog/node_modules/bson
10 silly gentlyRm purging /home/saki/myblog/node_modules/bson
11 error Error: EACCES, unlink '/home/saki/myblog/node_modules/bson/build/Makefile'
11 error  { [Error: EACCES, unlink '/home/saki/myblog/node_modules/bson/build/Makefile']
11 error   errno: 3,
11 error   code: 'EACCES',
11 error   path: '/home/saki/myblog/node_modules/bson/build/Makefile' }
12 error Please try running this command again as root/Administrator.
13 error System Linux 2.6.32-431.23.3.el6.i686
14 error command "node" "/usr/local/node/lib/node_modules/cnpm/node_modules/.bin/npm" "--userconfig=/home/saki/.cnpmrc" "--disturl=https://npm.taobao.org/dist" "--cache=/home/saki/.npm/.cache_cnpm" "--registry=https://registry.npm.taobao.org" "uninstall" "bson"
15 error cwd /home/saki/myblog/bin
16 error node -v v0.10.31
17 error npm -v 2.0.0-alpha-5
18 error path /home/saki/myblog/node_modules/bson/build/Makefile
19 error code EACCES
20 error errno 3
21 error stack Error: EACCES, unlink '/home/saki/myblog/node_modules/bson/build/Makefile'
22 verbose exit [ 3, true ]
