========================================================================================
=  Please ensure that you set the default write concern for the database by setting    =
=   one of the options                                                                 =
=                                                                                      =
=     w: (value of > -1 or the string 'majority'), where < 1 means                     =
=        no write acknowledgement                                                       =
=     journal: true/false, wait for flush to journal before acknowledgement             =
=     fsync: true/false, wait for flush to file system before acknowledgement           =
=                                                                                      =
=  For backward compatibility safe is still supported and                              =
=   allows values of [true | false | {j:true} | {w:n, wtimeout:n} | {fsync:true}]      =
=   the default value is false which means the driver receives does not                =
=   return the information of the success/error of the insert/update/remove            =
=                                                                                      =
=   ex: new Db(new Server('localhost', 27017), {safe:false})                           =
=                                                                                      =
=   http://www.mongodb.org/display/DOCS/getLastError+Command                           =
=                                                                                      =
=  The default of no acknowledgement will change in the very near future                =
=                                                                                      =
=  This message will disappear when the default safe is set on the driver Db           =
========================================================================================
========================================================================================
=  Please ensure that you set the default write concern for the database by setting    =
=   one of the options                                                                 =
=                                                                                      =
=     w: (value of > -1 or the string 'majority'), where < 1 means                     =
=        no write acknowledgement                                                       =
=     journal: true/false, wait for flush to journal before acknowledgement             =
=     fsync: true/false, wait for flush to file system before acknowledgement           =
=                                                                                      =
=  For backward compatibility safe is still supported and                              =
=   allows values of [true | false | {j:true} | {w:n, wtimeout:n} | {fsync:true}]      =
=   the default value is false which means the driver receives does not                =
=   return the information of the success/error of the insert/update/remove            =
=                                                                                      =
=   ex: new Db(new Server('localhost', 27017), {safe:false})                           =
=                                                                                      =
=   http://www.mongodb.org/display/DOCS/getLastError+Command                           =
=                                                                                      =
=  The default of no acknowledgement will change in the very near future                =
=                                                                                      =
=  This message will disappear when the default safe is set on the driver Db           =
========================================================================================
========================================================================================
=  Please ensure that you set the default write concern for the database by setting    =
=   one of the options                                                                 =
=                                                                                      =
=     w: (value of > -1 or the string 'majority'), where < 1 means                     =
=        no write acknowledgement                                                       =
=     journal: true/false, wait for flush to journal before acknowledgement             =
=     fsync: true/false, wait for flush to file system before acknowledgement           =
=                                                                                      =
=  For backward compatibility safe is still supported and                              =
=   allows values of [true | false | {j:true} | {w:n, wtimeout:n} | {fsync:true}]      =
=   the default value is false which means the driver receives does not                =
=   return the information of the success/error of the insert/update/remove            =
=                                                                                      =
=   ex: new Db(new Server('localhost', 27017), {safe:false})                           =
=                                                                                      =
=   http://www.mongodb.org/display/DOCS/getLastError+Command                           =
=                                                                                      =
=  The default of no acknowledgement will change in the very near future                =
=                                                                                      =
=  This message will disappear when the default safe is set on the driver Db           =
========================================================================================
========================================================================================
=  Please ensure that you set the default write concern for the database by setting    =
=   one of the options                                                                 =
=                                                                                      =
=     w: (value of > -1 or the string 'majority'), where < 1 means                     =
=        no write acknowledgement                                                       =
=     journal: true/false, wait for flush to journal before acknowledgement             =
=     fsync: true/false, wait for flush to file system before acknowledgement           =
=                                                                                      =
=  For backward compatibility safe is still supported and                              =
=   allows values of [true | false | {j:true} | {w:n, wtimeout:n} | {fsync:true}]      =
=   the default value is false which means the driver receives does not                =
=   return the information of the success/error of the insert/update/remove            =
=                                                                                      =
=   ex: new Db(new Server('localhost', 27017), {safe:false})                           =
=                                                                                      =
=   http://www.mongodb.org/display/DOCS/getLastError+Command                           =
=                                                                                      =
=  The default of no acknowledgement will change in the very near future                =
=                                                                                      =
=  This message will disappear when the default safe is set on the driver Db           =
========================================================================================
Express server listening on port 3000 in development mode
Express server listening on port 3000 in development mode
Express server listening on port 3000 in development mode
Express server listening on port 3000 in development mode
[90mGET /login [36m304 [90m61ms[0m
[90mGET /stylesheets/bootstrap.css [36m304 [90m10ms[0m
[90mGET /images/1.jpg [36m304 [90m7ms[0m
[90mGET /stylesheets/font-awesome.css [36m304 [90m59ms[0m
[90mGET / [36m304 [90m55ms[0m
[90mGET /stylesheets/bootstrap.css [36m304 [90m5ms[0m
[90mGET /ckeditor/ckeditor.js [36m304 [90m6ms[0m
[90mGET /stylesheets/font-awesome.css [36m304 [90m4ms[0m
[90mGET /images/1.jpg [36m304 [90m3ms[0m
[90mGET /body [36m304 [90m12ms[0m
[90mGET /ckeditor/config.js?t=E3OD [36m304 [90m4ms[0m
[90mGET /font/fontawesome-webfont.woff?v=3.2.1 [36m304 [90m6ms[0m
[90mGET /ckeditor/skins/moono/editor.css?t=E3OD [36m304 [90m4ms[0m
[90mGET /ckeditor/lang/zh-cn.js?t=E3OD [36m304 [90m7ms[0m
[90mGET /ckeditor/styles.js?t=E3OD [36m304 [90m5ms[0m
[90mGET /ckeditor/contents.css?t=E3OD [36m304 [90m3ms[0m
========================================================================================
=  Please ensure that you set the default write concern for the database by setting    =
=   one of the options                                                                 =
=                                                                                      =
=     w: (value of > -1 or the string 'majority'), where < 1 means                     =
=        no write acknowledgement                                                       =
=     journal: true/false, wait for flush to journal before acknowledgement             =
=     fsync: true/false, wait for flush to file system before acknowledgement           =
=                                                                                      =
=  For backward compatibility safe is still supported and                              =
=   allows values of [true | false | {j:true} | {w:n, wtimeout:n} | {fsync:true}]      =
=   the default value is false which means the driver receives does not                =
=   return the information of the success/error of the insert/update/remove            =
=                                                                                      =
=   ex: new Db(new Server('localhost', 27017), {safe:false})                           =
=                                                                                      =
=   http://www.mongodb.org/display/DOCS/getLastError+Command                           =
=                                                                                      =
=  The default of no acknowledgement will change in the very near future                =
=                                                                                      =
=  This message will disappear when the default safe is set on the driver Db           =
========================================================================================
========================================================================================
=  Please ensure that you set the default write concern for the database by setting    =
=   one of the options                                                                 =
=                                                                                      =
=     w: (value of > -1 or the string 'majority'), where < 1 means                     =
=        no write acknowledgement                                                       =
=     journal: true/false, wait for flush to journal before acknowledgement             =
=     fsync: true/false, wait for flush to file system before acknowledgement           =
=                                                                                      =
=  For backward compatibility safe is still supported and                              =
=   allows values of [true | false | {j:true} | {w:n, wtimeout:n} | {fsync:true}]      =
=   the default value is false which means the driver receives does not                =
=   return the information of the success/error of the insert/update/remove            =
=                                                                                      =
=   ex: new Db(new Server('localhost', 27017), {safe:false})                           =
=                                                                                      =
=   http://www.mongodb.org/display/DOCS/getLastError+Command                           =
=                                                                                      =
=  The default of no acknowledgement will change in the very near future                =
=                                                                                      =
=  This message will disappear when the default safe is set on the driver Db           =
========================================================================================
========================================================================================
=  Please ensure that you set the default write concern for the database by setting    =
=   one of the options                                                                 =
=                                                                                      =
=     w: (value of > -1 or the string 'majority'), where < 1 means                     =
=        no write acknowledgement                                                       =
=     journal: true/false, wait for flush to journal before acknowledgement             =
=     fsync: true/false, wait for flush to file system before acknowledgement           =
=                                                                                      =
=  For backward compatibility safe is still supported and                              =
=   allows values of [true | false | {j:true} | {w:n, wtimeout:n} | {fsync:true}]      =
=   the default value is false which means the driver receives does not                =
=   return the information of the success/error of the insert/update/remove            =
=                                                                                      =
=   ex: new Db(new Server('localhost', 27017), {safe:false})                           =
=                                                                                      =
=   http://www.mongodb.org/display/DOCS/getLastError+Command                           =
=                                                                                      =
=  The default of no acknowledgement will change in the very near future                =
=                                                                                      =
=  This message will disappear when the default safe is set on the driver Db           =
========================================================================================
========================================================================================
=  Please ensure that you set the default write concern for the database by setting    =
=   one of the options                                                                 =
=                                                                                      =
=     w: (value of > -1 or the string 'majority'), where < 1 means                     =
=        no write acknowledgement                                                       =
=     journal: true/false, wait for flush to journal before acknowledgement             =
=     fsync: true/false, wait for flush to file system before acknowledgement           =
=                                                                                      =
=  For backward compatibility safe is still supported and                              =
=   allows values of [true | false | {j:true} | {w:n, wtimeout:n} | {fsync:true}]      =
=   the default value is false which means the driver receives does not                =
=   return the information of the success/error of the insert/update/remove            =
=                                                                                      =
=   ex: new Db(new Server('localhost', 27017), {safe:false})                           =
=                                                                                      =
=   http://www.mongodb.org/display/DOCS/getLastError+Command                           =
=                                                                                      =
=  The default of no acknowledgement will change in the very near future                =
=                                                                                      =
=  This message will disappear when the default safe is set on the driver Db           =
========================================================================================
Express server listening on port 3000 in development mode
Express server listening on port 3000 in development mode
Express server listening on port 3000 in development mode
Express server listening on port 3000 in development mode
========================================================================================
=  Please ensure that you set the default write concern for the database by setting    =
=   one of the options                                                                 =
=                                                                                      =
=     w: (value of > -1 or the string 'majority'), where < 1 means                     =
=        no write acknowledgement                                                       =
=     journal: true/false, wait for flush to journal before acknowledgement             =
=     fsync: true/false, wait for flush to file system before acknowledgement           =
=                                                                                      =
=  For backward compatibility safe is still supported and                              =
=   allows values of [true | false | {j:true} | {w:n, wtimeout:n} | {fsync:true}]      =
=   the default value is false which means the driver receives does not                =
=   return the information of the success/error of the insert/update/remove            =
=                                                                                      =
=   ex: new Db(new Server('localhost', 27017), {safe:false})                           =
=                                                                                      =
=   http://www.mongodb.org/display/DOCS/getLastError+Command                           =
=                                                                                      =
=  The default of no acknowledgement will change in the very near future                =
=                                                                                      =
=  This message will disappear when the default safe is set on the driver Db           =
========================================================================================
========================================================================================
=  Please ensure that you set the default write concern for the database by setting    =
=   one of the options                                                                 =
=                                                                                      =
=     w: (value of > -1 or the string 'majority'), where < 1 means                     =
=        no write acknowledgement                                                       =
=     journal: true/false, wait for flush to journal before acknowledgement             =
=     fsync: true/false, wait for flush to file system before acknowledgement           =
=                                                                                      =
=  For backward compatibility safe is still supported and                              =
=   allows values of [true | false | {j:true} | {w:n, wtimeout:n} | {fsync:true}]      =
=   the default value is false which means the driver receives does not                =
=   return the information of the success/error of the insert/update/remove            =
=                                                                                      =
=   ex: new Db(new Server('localhost', 27017), {safe:false})                           =
=                                                                                      =
=   http://www.mongodb.org/display/DOCS/getLastError+Command                           =
=                                                                                      =
=  The default of no acknowledgement will change in the very near future                =
=                                                                                      =
=  This message will disappear when the default safe is set on the driver Db           =
========================================================================================
========================================================================================
=  Please ensure that you set the default write concern for the database by setting    =
=   one of the options                                                                 =
=                                                                                      =
=     w: (value of > -1 or the string 'majority'), where < 1 means                     =
=        no write acknowledgement                                                       =
=     journal: true/false, wait for flush to journal before acknowledgement             =
=     fsync: true/false, wait for flush to file system before acknowledgement           =
=                                                                                      =
=  For backward compatibility safe is still supported and                              =
=   allows values of [true | false | {j:true} | {w:n, wtimeout:n} | {fsync:true}]      =
=   the default value is false which means the driver receives does not                =
=   return the information of the success/error of the insert/update/remove            =
=                                                                                      =
=   ex: new Db(new Server('localhost', 27017), {safe:false})                           =
=                                                                                      =
=   http://www.mongodb.org/display/DOCS/getLastError+Command                           =
=                                                                                      =
=  The default of no acknowledgement will change in the very near future                =
=                                                                                      =
=  This message will disappear when the default safe is set on the driver Db           =
========================================================================================
========================================================================================
=  Please ensure that you set the default write concern for the database by setting    =
=   one of the options                                                                 =
=                                                                                      =
=     w: (value of > -1 or the string 'majority'), where < 1 means                     =
=        no write acknowledgement                                                       =
=     journal: true/false, wait for flush to journal before acknowledgement             =
=     fsync: true/false, wait for flush to file system before acknowledgement           =
=                                                                                      =
=  For backward compatibility safe is still supported and                              =
=   allows values of [true | false | {j:true} | {w:n, wtimeout:n} | {fsync:true}]      =
=   the default value is false which means the driver receives does not                =
=   return the information of the success/error of the insert/update/remove            =
=                                                                                      =
=   ex: new Db(new Server('localhost', 27017), {safe:false})                           =
=                                                                                      =
=   http://www.mongodb.org/display/DOCS/getLastError+Command                           =
=                                                                                      =
=  The default of no acknowledgement will change in the very near future                =
=                                                                                      =
=  This message will disappear when the default safe is set on the driver Db           =
========================================================================================
Express server listening on port 3000 in development mode
Express server listening on port 3000 in development mode
Express server listening on port 3000 in development mode
Express server listening on port 3000 in development mode
[90mGET / [36m304 [90m91ms[0m
[90mGET /ckeditor/ckeditor.js [36m304 [90m28ms[0m
[90mGET /stylesheets/font-awesome.css [36m304 [90m81ms[0m
[90mGET /stylesheets/bootstrap.css [36m304 [90m83ms[0m
[90mGET /body [36m304 [90m28ms[0m
[90mGET /ckeditor/config.js?t=E3OD [36m304 [90m7ms[0m
[90mGET /ckeditor/skins/moono/editor.css?t=E3OD [36m304 [90m6ms[0m
[90mGET /ckeditor/lang/zh-cn.js?t=E3OD [36m304 [90m6ms[0m
[90mGET /ckeditor/styles.js?t=E3OD [36m304 [90m4ms[0m
[90mGET /ckeditor/contents.css?t=E3OD [36m304 [90m5ms[0m
[90mGET /reg [32m200 [90m6ms[0m
[90mGET /reg [32m200 [90m23ms - 3.48kb[0m
[90mGET /stylesheets/font-awesome.css [36m304 [90m6ms[0m
[90mGET /stylesheets/bootstrap.css [36m304 [90m7ms[0m
[90mGET /images/1.jpg [36m304 [90m66ms[0m
[90mGET / [36m304 [90m60ms[0m
[90mGET /ckeditor/ckeditor.js [36m304 [90m8ms[0m
[90mGET /stylesheets/bootstrap.css [36m304 [90m8ms[0m
[90mGET /stylesheets/font-awesome.css [36m304 [90m4ms[0m
[90mGET /body [36m304 [90m19ms[0m
[90mGET /font/fontawesome-webfont.woff?v=3.2.1 [36m304 [90m3ms[0m
[90mGET /ckeditor/config.js?t=E3OD [36m304 [90m4ms[0m
[90mGET /ckeditor/skins/moono/editor.css?t=E3OD [36m304 [90m3ms[0m
[90mGET /ckeditor/lang/zh-cn.js?t=E3OD [36m304 [90m4ms[0m
[90mGET /ckeditor/styles.js?t=E3OD [36m304 [90m4ms[0m
[90mGET /ckeditor/contents.css?t=E3OD [36m304 [90m4ms[0m
[90mGET /reg [32m200 [90m4ms[0m
[90mGET /reg [32m200 [90m23ms - 3.48kb[0m
[90mGET /stylesheets/bootstrap.css [36m304 [90m3ms[0m
[90mGET /images/1.jpg [36m304 [90m7ms[0m
[90mGET /stylesheets/font-awesome.css [36m304 [90m39ms[0m
[90mGET / [36m304 [90m37ms[0m
[90mGET /ckeditor/ckeditor.js [36m304 [90m4ms[0m
[90mGET /stylesheets/bootstrap.css [36m304 [90m4ms[0m
[90mGET /stylesheets/font-awesome.css [36m304 [90m4ms[0m
[90mGET /images/1.jpg [36m304 [90m7ms[0m
[90mGET /body [36m304 [90m10ms[0m
[90mGET /ckeditor/config.js?t=E3OD [36m304 [90m3ms[0m
[90mGET /font/fontawesome-webfont.woff?v=3.2.1 [36m304 [90m5ms[0m
[90mGET /ckeditor/skins/moono/editor.css?t=E3OD [36m304 [90m6ms[0m
[90mGET /ckeditor/lang/zh-cn.js?t=E3OD [36m304 [90m4ms[0m
[90mGET /ckeditor/styles.js?t=E3OD [36m304 [90m5ms[0m
[90mGET /ckeditor/contents.css?t=E3OD [36m304 [90m4ms[0m
[90mGET /login [36m304 [90m17ms[0m
[90mGET /stylesheets/bootstrap.css [36m304 [90m5ms[0m
[90mGET /stylesheets/font-awesome.css [36m304 [90m7ms[0m
[90mGET /images/1.jpg [36m304 [90m4ms[0m
[90mGET / [36m304 [90m49ms[0m
[90mGET /ckeditor/ckeditor.js [36m304 [90m8ms[0m
[90mGET /stylesheets/bootstrap.css [36m304 [90m8ms[0m
[90mGET /stylesheets/font-awesome.css [36m304 [90m6ms[0m
[90mGET /images/1.jpg [36m304 [90m4ms[0m
[90mGET /body [36m304 [90m25ms[0m
[90mGET /ckeditor/config.js?t=E3OD [36m304 [90m4ms[0m
[90mGET /font/fontawesome-webfont.woff?v=3.2.1 [36m304 [90m8ms[0m
[90mGET /ckeditor/skins/moono/editor.css?t=E3OD [36m304 [90m4ms[0m
[90mGET /ckeditor/lang/zh-cn.js?t=E3OD [36m304 [90m6ms[0m
[90mGET /ckeditor/styles.js?t=E3OD [36m304 [90m5ms[0m
[90mGET /ckeditor/contents.css?t=E3OD [36m304 [90m5ms[0m
